<?xml version="1.0" encoding="UTF-8"?>
<!-- Generated by org.testng.reporters.JUnitReportReporter -->
<testsuite skipped="0" hostname="HP-PC" name="practice.NewTest" tests="1" failures="0" timestamp="14 Feb 2019 06:36:08 GMT" time="0.033" errors="0">
  <testcase name="f" time="0.033" classname="practice.NewTest"/>
</testsuite> <!-- practice.NewTest -->
